03-Sat-2014 11:15 pm - Running Crativo Cloud app from App.xml
03-Sat-2014 11:15 pm - Running Crativo Cloud app from App.xml
03-Sat-2014 11:15 pm - Running Crativo Cloud app from App.xml
03-Sat-2014 11:15 pm - Running Crativo Cloud app from App.xml
03-Sat-2014 11:15 pm - Running Crativo Cloud app from App.xml
03-Sat-2014 11:15 pm - Running Crativo Cloud app from App.xml
03-Sat-2014 11:15 pm - Running Crativo Cloud app from App.xml
03-Sat-2014 11:15 pm - Running Crativo Cloud app from App.xml
03-Sat-2014 11:15 pm - Running Crativo Cloud app from App.xml
03-Sat-2014 11:15 pm - Running Crativo Cloud app from App.xml
03-Sat-2014 11:15 pm - Running Crativo Cloud app from App.xml
03-Sat-2014 11:15 pm - Running Crativo Cloud app from App.xml
03-Sat-2014 11:14 pm - Modified packages partial
03-Sat-2014 11:14 pm - Modified packages partial
03-Sat-2014 11:14 pm - Modified packages partial
03-Sat-2014 11:14 pm - Modified packages partial
03-Sat-2014 11:14 pm - Created new Packages partial
03-Sat-2014 11:14 pm - Removed Packages partial
03-Sat-2014 11:14 pm - Modified .htaccess, New route Products for ?view=Products
03-Sat-2014 11:14 pm - Modified .htaccess, New route Form for ?view=Form
03-Sat-2014 11:14 pm - Modified .htaccess, New route Photo for ?view=Photo
03-Sat-2014 11:14 pm - Modified .htaccess, New route Home for ?view=Home
03-Sat-2014 11:14 pm - Created .htaccess
03-Sat-2014 11:14 pm - Removed .htaccess
03-Sat-2014 11:14 pm - Running Crativo Cloud app from App.xml
03-Sat-2014 11:14 pm - Modified packages partial
03-Sat-2014 11:14 pm - Modified packages partial
03-Sat-2014 11:14 pm - Modified packages partial
03-Sat-2014 11:14 pm - Modified packages partial
03-Sat-2014 11:14 pm - Created new Packages partial
03-Sat-2014 11:14 pm - Removed Packages partial
03-Sat-2014 11:14 pm - Modified .htaccess, New route Products for ?view=Products
03-Sat-2014 11:14 pm - Modified .htaccess, New route Form for ?view=Form
03-Sat-2014 11:14 pm - Modified .htaccess, New route Photo for ?view=Photo
03-Sat-2014 11:14 pm - Modified .htaccess, New route Home for ?view=Home
03-Sat-2014 11:14 pm - Created .htaccess
03-Sat-2014 11:14 pm - Removed .htaccess
03-Sat-2014 11:14 pm - Running Crativo Cloud app from App.xml
03-Sat-2014 11:14 pm - Modified packages partial
03-Sat-2014 11:14 pm - Modified packages partial
03-Sat-2014 11:14 pm - Modified packages partial
03-Sat-2014 11:14 pm - Modified packages partial
03-Sat-2014 11:14 pm - Created new Packages partial
03-Sat-2014 11:14 pm - Removed Packages partial
03-Sat-2014 11:14 pm - Modified .htaccess, New route Products for ?view=Products
03-Sat-2014 11:14 pm - Modified .htaccess, New route Form for ?view=Form
03-Sat-2014 11:14 pm - Modified .htaccess, New route Photo for ?view=Photo
03-Sat-2014 11:14 pm - Modified .htaccess, New route Home for ?view=Home
03-Sat-2014 11:14 pm - Created .htaccess
03-Sat-2014 11:14 pm - Removed .htaccess
03-Sat-2014 11:14 pm - Running Crativo Cloud app from App.xml
03-Sat-2014 11:13 pm - Running Crativo Cloud app from App.xml
03-Fri-2014 03:39 am - Running Crativo Cloud app from App.xml
03-Fri-2014 02:53 am - Running Crativo Cloud app from App.xml
03-Fri-2014 02:53 am - Running Crativo Cloud app from App.xml
03-Fri-2014 02:53 am - Running Crativo Cloud app from App.xml
03-Fri-2014 02:52 am - Running Crativo Cloud app from App.xml
03-Fri-2014 02:52 am - Running Crativo Cloud app from App.xml
03-Fri-2014 02:51 am - Running Crativo Cloud app from App.xml
03-Fri-2014 02:51 am - Running Crativo Cloud app from App.xml
03-Fri-2014 02:51 am - Modified packages partial
03-Fri-2014 02:51 am - Modified packages partial
03-Fri-2014 02:51 am - Modified packages partial
03-Fri-2014 02:51 am - Modified packages partial
03-Fri-2014 02:51 am - Created new Packages partial
03-Fri-2014 02:51 am - Removed Packages partial
03-Fri-2014 02:51 am - Modified .htaccess, New route Products for ?view=Products
03-Fri-2014 02:51 am - Modified .htaccess, New route Form for ?view=Form
03-Fri-2014 02:51 am - Modified .htaccess, New route Photo for ?view=Photo
03-Fri-2014 02:51 am - Modified .htaccess, New route Home for ?view=Home
03-Fri-2014 02:51 am - Created .htaccess
03-Fri-2014 02:51 am - Removed .htaccess
03-Fri-2014 02:51 am - Running Crativo Cloud app from App.xml
03-Fri-2014 02:51 am - Modified packages partial
03-Fri-2014 02:51 am - Modified packages partial
03-Fri-2014 02:51 am - Modified packages partial
03-Fri-2014 02:51 am - Modified packages partial
03-Fri-2014 02:51 am - Created new Packages partial
03-Fri-2014 02:51 am - Removed Packages partial
03-Fri-2014 02:51 am - Modified .htaccess, New route Products for ?view=Products
03-Fri-2014 02:51 am - Modified .htaccess, New route Form for ?view=Form
03-Fri-2014 02:51 am - Modified .htaccess, New route Photo for ?view=Photo
03-Fri-2014 02:51 am - Modified .htaccess, New route Home for ?view=Home
03-Fri-2014 02:51 am - Created .htaccess
03-Fri-2014 02:51 am - Removed .htaccess
03-Fri-2014 02:51 am - Running Crativo Cloud app from App.xml
03-Fri-2014 02:51 am - Running Crativo Cloud app from App.xml
03-Fri-2014 02:50 am - Modified packages partial
03-Fri-2014 02:50 am - Modified packages partial
03-Fri-2014 02:50 am - Modified packages partial
03-Fri-2014 02:50 am - Modified packages partial
03-Fri-2014 02:50 am - Created new Packages partial
03-Fri-2014 02:50 am - Removed Packages partial
03-Fri-2014 02:50 am - Modified .htaccess, New route Form for ?view=Form
03-Fri-2014 02:50 am - Modified .htaccess, New route Photo for ?view=Photo
03-Fri-2014 02:50 am - Modified .htaccess, New route Home for ?view=Home
03-Fri-2014 02:50 am - Created .htaccess
03-Fri-2014 02:50 am - Removed .htaccess
03-Fri-2014 02:50 am - Running Crativo Cloud app from App.xml
03-Fri-2014 02:50 am - Modified packages partial
03-Fri-2014 02:50 am - Modified packages partial
03-Fri-2014 02:50 am - Modified packages partial
03-Fri-2014 02:50 am - Modified packages partial
03-Fri-2014 02:50 am - Created new Packages partial
03-Fri-2014 02:50 am - Removed Packages partial
03-Fri-2014 02:50 am - Modified .htaccess, New route Form for ?view=Form
03-Fri-2014 02:50 am - Modified .htaccess, New route Photo for ?view=Photo
03-Fri-2014 02:50 am - Modified .htaccess, New route Home for ?view=Home
03-Fri-2014 02:50 am - Created .htaccess
03-Fri-2014 02:50 am - Removed .htaccess
03-Fri-2014 02:50 am - Running Crativo Cloud app from App.xml
03-Fri-2014 02:50 am - Running Crativo Cloud app from App.xml
03-Fri-2014 02:50 am - Running Crativo Cloud app from App.xml
03-Fri-2014 02:49 am - Running Crativo Cloud app from App.xml
03-Fri-2014 02:48 am - Running Crativo Cloud app from App.xml
03-Fri-2014 02:48 am - Modified packages partial
03-Fri-2014 02:48 am - Modified packages partial
03-Fri-2014 02:48 am - Modified packages partial
03-Fri-2014 02:48 am - Modified packages partial
03-Fri-2014 02:48 am - Created new Packages partial
03-Fri-2014 02:48 am - Removed Packages partial
03-Fri-2014 02:48 am - Modified .htaccess, New route Form for ?view=Form
03-Fri-2014 02:48 am - Modified .htaccess, New route Photo for ?view=Photo
03-Fri-2014 02:48 am - Modified .htaccess, New route Home for ?view=Home
03-Fri-2014 02:48 am - Created .htaccess
03-Fri-2014 02:48 am - Removed .htaccess
03-Fri-2014 02:48 am - Running Crativo Cloud app from App.xml
03-Fri-2014 02:48 am - Modified packages partial
03-Fri-2014 02:48 am - Modified packages partial
03-Fri-2014 02:48 am - Modified packages partial
03-Fri-2014 02:48 am - Modified packages partial
03-Fri-2014 02:48 am - Created new Packages partial
03-Fri-2014 02:48 am - Removed Packages partial
03-Fri-2014 02:48 am - Modified .htaccess, New route Form for ?view=Form
03-Fri-2014 02:48 am - Modified .htaccess, New route Photo for ?view=Photo
03-Fri-2014 02:48 am - Modified .htaccess, New route Home for ?view=Home
03-Fri-2014 02:48 am - Created .htaccess
03-Fri-2014 02:48 am - Removed .htaccess
03-Fri-2014 02:48 am - Running Crativo Cloud app from App.xml
03-Fri-2014 02:48 am - Modified packages partial
03-Fri-2014 02:48 am - Modified packages partial
03-Fri-2014 02:48 am - Modified packages partial
03-Fri-2014 02:48 am - Modified packages partial
03-Fri-2014 02:48 am - Created new Packages partial
03-Fri-2014 02:48 am - Removed Packages partial
03-Fri-2014 02:48 am - Modified .htaccess, New route Form for ?view=Form
03-Fri-2014 02:48 am - Modified .htaccess, New route Photo for ?view=Photo
03-Fri-2014 02:48 am - Modified .htaccess, New route Home for ?view=Home
03-Fri-2014 02:48 am - Created .htaccess
03-Fri-2014 02:48 am - Removed .htaccess
03-Fri-2014 02:48 am - Running Crativo Cloud app from App.xml
03-Fri-2014 02:47 am - Running Crativo Cloud app from App.xml
03-Fri-2014 02:47 am - Running Crativo Cloud app from App.xml
03-Fri-2014 02:46 am - Running Crativo Cloud app from App.xml
03-Fri-2014 02:46 am - Running Crativo Cloud app from App.xml
03-Fri-2014 02:46 am - Running Crativo Cloud app from App.xml
03-Fri-2014 02:45 am - Running Crativo Cloud app from App.xml
03-Fri-2014 02:45 am - Running Crativo Cloud app from App.xml
03-Fri-2014 02:45 am - Modified packages partial
03-Fri-2014 02:45 am - Modified packages partial
03-Fri-2014 02:45 am - Modified packages partial
03-Fri-2014 02:45 am - Modified packages partial
03-Fri-2014 02:45 am - Created new Packages partial
03-Fri-2014 02:45 am - Removed Packages partial
03-Fri-2014 02:45 am - Modified .htaccess, New route Photo for ?view=Photo
03-Fri-2014 02:45 am - Modified .htaccess, New route Home for ?view=Home
03-Fri-2014 02:45 am - Created .htaccess
03-Fri-2014 02:45 am - Removed .htaccess
03-Fri-2014 02:45 am - Running Crativo Cloud app from App.xml
03-Fri-2014 02:45 am - Modified packages partial
03-Fri-2014 02:45 am - Modified packages partial
03-Fri-2014 02:45 am - Modified packages partial
03-Fri-2014 02:45 am - Modified packages partial
03-Fri-2014 02:45 am - Created new Packages partial
03-Fri-2014 02:45 am - Removed Packages partial
03-Fri-2014 02:45 am - Modified .htaccess, New route Photo for ?view=Photo
03-Fri-2014 02:45 am - Modified .htaccess, New route Home for ?view=Home
03-Fri-2014 02:45 am - Created .htaccess
03-Fri-2014 02:45 am - Removed .htaccess
03-Fri-2014 02:45 am - Running Crativo Cloud app from App.xml
03-Fri-2014 02:42 am - Modified packages partial
03-Fri-2014 02:42 am - Modified packages partial
03-Fri-2014 02:42 am - Modified packages partial
03-Fri-2014 02:42 am - Modified packages partial
03-Fri-2014 02:42 am - Created new Packages partial
03-Fri-2014 02:42 am - Removed Packages partial
03-Fri-2014 02:42 am - Modified .htaccess, New route Photo for ?view=Photo
03-Fri-2014 02:42 am - Modified .htaccess, New route Home for ?view=Home
03-Fri-2014 02:42 am - Created .htaccess
03-Fri-2014 02:42 am - Removed .htaccess
03-Fri-2014 02:42 am - Running Crativo Cloud app from App.xml
03-Fri-2014 02:41 am - Modified packages partial
03-Fri-2014 02:41 am - Modified packages partial
03-Fri-2014 02:41 am - Modified packages partial
03-Fri-2014 02:41 am - Modified packages partial
03-Fri-2014 02:41 am - Created new Packages partial
03-Fri-2014 02:41 am - Removed Packages partial
03-Fri-2014 02:41 am - Modified .htaccess, New route Photo for ?view=Photo
03-Fri-2014 02:41 am - Modified .htaccess, New route Home for ?view=Home
03-Fri-2014 02:41 am - Created .htaccess
03-Fri-2014 02:41 am - Removed .htaccess
03-Fri-2014 02:41 am - Running Crativo Cloud app from App.xml
03-Fri-2014 02:40 am - Modified packages partial
03-Fri-2014 02:40 am - Modified packages partial
03-Fri-2014 02:40 am - Modified packages partial
03-Fri-2014 02:40 am - Modified packages partial
03-Fri-2014 02:40 am - Created new Packages partial
03-Fri-2014 02:40 am - Removed Packages partial
03-Fri-2014 02:40 am - Modified .htaccess, New route Photo for ?view=Photo
03-Fri-2014 02:40 am - Modified .htaccess, New route Home for ?view=Home
03-Fri-2014 02:40 am - Created .htaccess
03-Fri-2014 02:40 am - Removed .htaccess
03-Fri-2014 02:40 am - Running Crativo Cloud app from App.xml
03-Fri-2014 02:39 am - Modified packages partial
03-Fri-2014 02:39 am - Modified packages partial
03-Fri-2014 02:39 am - Modified packages partial
03-Fri-2014 02:39 am - Modified packages partial
03-Fri-2014 02:39 am - Created new Packages partial
03-Fri-2014 02:39 am - Removed Packages partial
03-Fri-2014 02:39 am - Modified .htaccess, New route Photo for ?view=Photo
03-Fri-2014 02:39 am - Modified .htaccess, New route Home for ?view=Home
03-Fri-2014 02:39 am - Created .htaccess
03-Fri-2014 02:39 am - Removed .htaccess
03-Fri-2014 02:39 am - Running Crativo Cloud app from App.xml
03-Fri-2014 02:39 am - Modified packages partial
03-Fri-2014 02:39 am - Modified packages partial
03-Fri-2014 02:39 am - Modified packages partial
03-Fri-2014 02:39 am - Modified packages partial
03-Fri-2014 02:39 am - Created new Packages partial
03-Fri-2014 02:39 am - Removed Packages partial
03-Fri-2014 02:39 am - Modified .htaccess, New route Photo for ?view=Photo
03-Fri-2014 02:39 am - Modified .htaccess, New route Home for ?view=Home
03-Fri-2014 02:39 am - Created .htaccess
03-Fri-2014 02:39 am - Removed .htaccess
03-Fri-2014 02:39 am - Running Crativo Cloud app from App.xml
03-Fri-2014 02:39 am - Modified packages partial
03-Fri-2014 02:39 am - Modified packages partial
03-Fri-2014 02:39 am - Modified packages partial
03-Fri-2014 02:39 am - Modified packages partial
03-Fri-2014 02:39 am - Created new Packages partial
03-Fri-2014 02:39 am - Removed Packages partial
03-Fri-2014 02:39 am - Modified .htaccess, New route Photo for ?view=Photo
03-Fri-2014 02:39 am - Modified .htaccess, New route Home for ?view=Home
03-Fri-2014 02:39 am - Created .htaccess
03-Fri-2014 02:39 am - Removed .htaccess
03-Fri-2014 02:39 am - Running Crativo Cloud app from App.xml
03-Fri-2014 02:38 am - Modified packages partial
03-Fri-2014 02:38 am - Modified packages partial
03-Fri-2014 02:38 am - Modified packages partial
03-Fri-2014 02:38 am - Modified packages partial
03-Fri-2014 02:38 am - Created new Packages partial
03-Fri-2014 02:38 am - Removed Packages partial
03-Fri-2014 02:38 am - Modified .htaccess, New route Photo for ?view=Photo
03-Fri-2014 02:38 am - Modified .htaccess, New route Home for ?view=Home
03-Fri-2014 02:38 am - Created .htaccess
03-Fri-2014 02:38 am - Removed .htaccess
03-Fri-2014 02:38 am - Running Crativo Cloud app from App.xml
03-Fri-2014 02:38 am - Running Crativo Cloud app from App.xml
03-Fri-2014 02:37 am - Running PayMyPhoneBill app from App.xml
03-Fri-2014 02:33 am - Running PayMyPhoneBill app from App.xml
03-Fri-2014 02:32 am - Running PayMyPhoneBill app from App.xml
03-Fri-2014 02:32 am - Running PayMyPhoneBill app from App.xml
03-Fri-2014 02:31 am - Modified packages partial
03-Fri-2014 02:31 am - Modified packages partial
03-Fri-2014 02:31 am - Modified packages partial
03-Fri-2014 02:31 am - Modified packages partial
03-Fri-2014 02:31 am - Created new Packages partial
03-Fri-2014 02:31 am - Removed Packages partial
03-Fri-2014 02:31 am - Modified .htaccess, New route Photo for ?view=Photo
03-Fri-2014 02:31 am - Modified .htaccess, New route Home for ?view=Home
03-Fri-2014 02:31 am - Created .htaccess
03-Fri-2014 02:31 am - Removed .htaccess
03-Fri-2014 02:31 am - Running PayMyPhoneBill app from App.xml
03-Fri-2014 02:31 am - Running PayMyPhoneBill app from App.json
03-Thu-2014 01:58 am - Running PayMyPhoneBill app from App.json
03-Thu-2014 01:58 am - Running PayMyPhoneBill app from App.json
03-Thu-2014 01:58 am - Running PayMyPhoneBill app from App.json
03-Thu-2014 01:44 am - Running PayMyPhoneBill app from App.json
03-Thu-2014 01:44 am - Running PayMyPhoneBill app from App.json
03-Thu-2014 01:43 am - Running PayMyPhoneBill app from App.json
03-Thu-2014 01:43 am - Running PayMyPhoneBill app from App.json
03-Thu-2014 01:43 am - Running PayMyPhoneBill app from App.json
03-Thu-2014 01:36 am - Running PayMyPhoneBill app from App.json
03-Thu-2014 01:35 am - Running PayMyPhoneBill app from App.json
03-Thu-2014 01:32 am - Running PayMyPhoneBill app from App.json
03-Thu-2014 01:32 am - Running PayMyPhoneBill app from App.json
03-Thu-2014 01:32 am - Running PayMyPhoneBill app from App.json
03-Thu-2014 01:32 am - Running PayMyPhoneBill app from App.json
03-Thu-2014 01:32 am - Running PayMyPhoneBill app from App.json
03-Thu-2014 01:32 am - Running PayMyPhoneBill app from App.json
03-Thu-2014 01:32 am - Running PayMyPhoneBill app from App.json
03-Thu-2014 01:32 am - Running PayMyPhoneBill app from App.json
03-Thu-2014 01:32 am - Running PayMyPhoneBill app from App.json
03-Thu-2014 01:31 am - Running PayMyPhoneBill app from App.json
03-Thu-2014 01:26 am - Running PayMyPhoneBill app from App.json
03-Thu-2014 01:25 am - Running PayMyPhoneBill app from App.json
03-Thu-2014 01:25 am - Running PayMyPhoneBill app from App.json
03-Thu-2014 01:24 am - Running PayMyPhoneBill app from App.json
03-Thu-2014 01:24 am - Running PayMyPhoneBill app from App.json
03-Thu-2014 01:24 am - Running PayMyPhoneBill app from App.json
03-Thu-2014 01:21 am - Running PayMyPhoneBill app from App.json
03-Thu-2014 01:21 am - Running PayMyPhoneBill app from App.json
03-Thu-2014 01:21 am - Running PayMyPhoneBill app from App.json
03-Thu-2014 01:21 am - Running PayMyPhoneBill app from App.json
03-Thu-2014 01:21 am - Running PayMyPhoneBill app from App.json
03-Thu-2014 01:16 am - Running PayMyPhoneBill app from App.json
03-Thu-2014 01:15 am - Running PayMyPhoneBill app from App.json
03-Thu-2014 01:15 am - Running PayMyPhoneBill app from App.json
03-Thu-2014 01:15 am - Running PayMyPhoneBill app from App.json
03-Thu-2014 01:14 am - Running PayMyPhoneBill app from App.json
03-Thu-2014 01:14 am - Running PayMyPhoneBill app from App.json
03-Thu-2014 01:14 am - Running PayMyPhoneBill app from App.json
03-Thu-2014 01:12 am - Modified packages partial
03-Thu-2014 01:12 am - Modified packages partial
03-Thu-2014 01:12 am - Modified packages partial
03-Thu-2014 01:12 am - Modified packages partial
03-Thu-2014 01:12 am - Created new Packages partial
03-Thu-2014 01:12 am - Removed Packages partial
03-Thu-2014 01:12 am - Running PayMyPhoneBill app from App.json
03-Thu-2014 01:12 am - Modified packages partial
03-Thu-2014 01:12 am - Modified packages partial
03-Thu-2014 01:12 am - Modified packages partial
03-Thu-2014 01:12 am - Modified packages partial
03-Thu-2014 01:12 am - Created new Packages partial
03-Thu-2014 01:12 am - Removed Packages partial
03-Thu-2014 01:12 am - Running PayMyPhoneBill app from App.json
03-Thu-2014 01:12 am - Modified packages partial
03-Thu-2014 01:12 am - Modified packages partial
03-Thu-2014 01:12 am - Modified packages partial
03-Thu-2014 01:12 am - Modified packages partial
03-Thu-2014 01:12 am - Created new Packages partial
03-Thu-2014 01:12 am - Removed Packages partial
03-Thu-2014 01:12 am - Running PayMyPhoneBill app from App.json
03-Thu-2014 01:12 am - Modified packages partial
03-Thu-2014 01:12 am - Modified packages partial
03-Thu-2014 01:12 am - Modified packages partial
03-Thu-2014 01:12 am - Modified packages partial
03-Thu-2014 01:12 am - Created new Packages partial
03-Thu-2014 01:12 am - Removed Packages partial
03-Thu-2014 01:12 am - Running PayMyPhoneBill app from App.json
03-Thu-2014 01:12 am - Modified packages partial
03-Thu-2014 01:12 am - Modified packages partial
03-Thu-2014 01:12 am - Modified packages partial
03-Thu-2014 01:12 am - Modified packages partial
03-Thu-2014 01:12 am - Created new Packages partial
03-Thu-2014 01:12 am - Removed Packages partial
03-Thu-2014 01:12 am - Running PayMyPhoneBill app from App.json
03-Thu-2014 01:12 am - Modified packages partial
03-Thu-2014 01:12 am - Modified packages partial
03-Thu-2014 01:12 am - Modified packages partial
03-Thu-2014 01:12 am - Modified packages partial
03-Thu-2014 01:12 am - Created new Packages partial
03-Thu-2014 01:12 am - Removed Packages partial
03-Thu-2014 01:12 am - Running PayMyPhoneBill app from App.json
03-Thu-2014 01:12 am - Modified packages partial
03-Thu-2014 01:12 am - Modified packages partial
03-Thu-2014 01:12 am - Modified packages partial
03-Thu-2014 01:12 am - Modified packages partial
03-Thu-2014 01:12 am - Created new Packages partial
03-Thu-2014 01:12 am - Removed Packages partial
03-Thu-2014 01:12 am - Running PayMyPhoneBill app from App.json
03-Thu-2014 01:12 am - Modified packages partial
03-Thu-2014 01:12 am - Modified packages partial
03-Thu-2014 01:12 am - Modified packages partial
03-Thu-2014 01:12 am - Modified packages partial
03-Thu-2014 01:12 am - Created new Packages partial
03-Thu-2014 01:12 am - Removed Packages partial
03-Thu-2014 01:12 am - Running PayMyPhoneBill app from App.json
03-Thu-2014 01:12 am - Modified packages partial
03-Thu-2014 01:12 am - Modified packages partial
03-Thu-2014 01:12 am - Modified packages partial
03-Thu-2014 01:12 am - Modified packages partial
03-Thu-2014 01:12 am - Created new Packages partial
03-Thu-2014 01:12 am - Removed Packages partial
03-Thu-2014 01:12 am - Running PayMyPhoneBill app from App.json
03-Thu-2014 01:12 am - Modified packages partial
03-Thu-2014 01:12 am - Modified packages partial
03-Thu-2014 01:12 am - Modified packages partial
03-Thu-2014 01:12 am - Modified packages partial
03-Thu-2014 01:12 am - Created new Packages partial
03-Thu-2014 01:12 am - Removed Packages partial
03-Thu-2014 01:12 am - Running PayMyPhoneBill app from App.json
03-Thu-2014 01:12 am - Modified packages partial
03-Thu-2014 01:12 am - Modified packages partial
03-Thu-2014 01:12 am - Modified packages partial
03-Thu-2014 01:12 am - Modified packages partial
03-Thu-2014 01:12 am - Created new Packages partial
03-Thu-2014 01:12 am - Removed Packages partial
03-Thu-2014 01:12 am - Running PayMyPhoneBill app from App.json
03-Thu-2014 01:12 am - Modified packages partial
03-Thu-2014 01:12 am - Modified packages partial
03-Thu-2014 01:12 am - Modified packages partial
03-Thu-2014 01:12 am - Modified packages partial
03-Thu-2014 01:12 am - Created new Packages partial
03-Thu-2014 01:12 am - Removed Packages partial
03-Thu-2014 01:12 am - Running PayMyPhoneBill app from App.json
03-Thu-2014 01:12 am - Modified packages partial
03-Thu-2014 01:12 am - Modified packages partial
03-Thu-2014 01:12 am - Modified packages partial
03-Thu-2014 01:12 am - Modified packages partial
03-Thu-2014 01:12 am - Created new Packages partial
03-Thu-2014 01:12 am - Removed Packages partial
03-Thu-2014 01:12 am - Running PayMyPhoneBill app from App.json
03-Thu-2014 01:12 am - Modified packages partial
03-Thu-2014 01:12 am - Modified packages partial
03-Thu-2014 01:12 am - Modified packages partial
03-Thu-2014 01:12 am - Modified packages partial
03-Thu-2014 01:12 am - Created new Packages partial
03-Thu-2014 01:12 am - Removed Packages partial
03-Thu-2014 01:12 am - Running PayMyPhoneBill app from App.json
03-Thu-2014 01:12 am - Modified packages partial
03-Thu-2014 01:12 am - Modified packages partial
03-Thu-2014 01:12 am - Modified packages partial
03-Thu-2014 01:12 am - Modified packages partial
03-Thu-2014 01:12 am - Created new Packages partial
03-Thu-2014 01:12 am - Removed Packages partial
03-Thu-2014 01:12 am - Running PayMyPhoneBill app from App.json
03-Thu-2014 01:12 am - Modified packages partial
03-Thu-2014 01:12 am - Modified packages partial
03-Thu-2014 01:12 am - Modified packages partial
03-Thu-2014 01:12 am - Modified packages partial
03-Thu-2014 01:12 am - Created new Packages partial
03-Thu-2014 01:12 am - Removed Packages partial
03-Thu-2014 01:12 am - Running PayMyPhoneBill app from App.json
03-Thu-2014 01:12 am - Modified packages partial
03-Thu-2014 01:12 am - Modified packages partial
03-Thu-2014 01:12 am - Modified packages partial
03-Thu-2014 01:12 am - Modified packages partial
03-Thu-2014 01:12 am - Created new Packages partial
03-Thu-2014 01:12 am - Removed Packages partial
03-Thu-2014 01:12 am - Running PayMyPhoneBill app from App.json
03-Thu-2014 01:12 am - Modified packages partial
03-Thu-2014 01:12 am - Modified packages partial
03-Thu-2014 01:12 am - Modified packages partial
03-Thu-2014 01:12 am - Modified packages partial
03-Thu-2014 01:12 am - Created new Packages partial
03-Thu-2014 01:12 am - Removed Packages partial
03-Thu-2014 01:12 am - Running PayMyPhoneBill app from App.json
03-Thu-2014 01:12 am - Modified packages partial
03-Thu-2014 01:12 am - Modified packages partial
03-Thu-2014 01:12 am - Modified packages partial
03-Thu-2014 01:12 am - Modified packages partial
03-Thu-2014 01:12 am - Created new Packages partial
03-Thu-2014 01:12 am - Removed Packages partial
03-Thu-2014 01:12 am - Running PayMyPhoneBill app from App.json
03-Thu-2014 01:11 am - Modified packages partial
03-Thu-2014 01:11 am - Modified packages partial
03-Thu-2014 01:11 am - Modified packages partial
03-Thu-2014 01:11 am - Modified packages partial
03-Thu-2014 01:11 am - Created new Packages partial
03-Thu-2014 01:11 am - Removed Packages partial
03-Thu-2014 01:11 am - Running PayMyPhoneBill app from App.json
03-Thu-2014 01:09 am - Running PayMyPhoneBill app from App.json
03-Thu-2014 01:09 am - Running PayMyPhoneBill app from App.json
03-Thu-2014 01:09 am - Running PayMyPhoneBill app from App.json
03-Thu-2014 01:08 am - Running PayMyPhoneBill app from App.json
03-Thu-2014 01:08 am - Running PayMyPhoneBill app from App.json
03-Thu-2014 01:06 am - Running PayMyPhoneBill app from App.json
03-Thu-2014 01:06 am - Running PayMyPhoneBill app from App.json
03-Thu-2014 01:06 am - Running PayMyPhoneBill app from App.json
03-Thu-2014 01:04 am - Running PayMyPhoneBill app from App.json
03-Thu-2014 12:53 am - Running PayMyPhoneBill app from App.json
03-Thu-2014 12:53 am - Running PayMyPhoneBill app from App.json
03-Thu-2014 12:52 am - Running PayMyPhoneBill app from App.json
03-Thu-2014 12:52 am - Running PayMyPhoneBill app from App.json
03-Thu-2014 12:51 am - Running PayMyPhoneBill app from App.json
03-Thu-2014 12:50 am - Running PayMyPhoneBill app from App.json
03-Thu-2014 12:50 am - Running PayMyPhoneBill app from App.json
03-Thu-2014 12:34 am - Modified packages partial
03-Thu-2014 12:34 am - Modified packages partial
03-Thu-2014 12:34 am - Modified packages partial
03-Thu-2014 12:34 am - Modified packages partial
03-Thu-2014 12:34 am - Created new Packages partial
03-Thu-2014 12:34 am - Removed Packages partial
03-Thu-2014 12:34 am - Modified .htaccess, New route Photo for ?view=Photo
03-Thu-2014 12:34 am - Modified .htaccess, New route Home for ?view=Home
03-Thu-2014 12:34 am - Created .htaccess
03-Thu-2014 12:34 am - Removed .htaccess
03-Thu-2014 12:34 am - Running PayMyPhoneBill app from App.xml
03-Thu-2014 12:34 am - Modified packages partial
03-Thu-2014 12:34 am - Modified packages partial
03-Thu-2014 12:34 am - Modified packages partial
03-Thu-2014 12:34 am - Modified packages partial
03-Thu-2014 12:34 am - Created new Packages partial
03-Thu-2014 12:34 am - Removed Packages partial
03-Thu-2014 12:34 am - Modified .htaccess, New route Photo for ?view=Photo
03-Thu-2014 12:34 am - Modified .htaccess, New route Home for ?view=Home
03-Thu-2014 12:34 am - Created .htaccess
03-Thu-2014 12:34 am - Removed .htaccess
03-Thu-2014 12:34 am - Running PayMyPhoneBill app from App.xml
03-Thu-2014 12:33 am - Modified packages partial
03-Thu-2014 12:33 am - Modified packages partial
03-Thu-2014 12:33 am - Modified packages partial
03-Thu-2014 12:33 am - Modified packages partial
03-Thu-2014 12:33 am - Created new Packages partial
03-Thu-2014 12:33 am - Removed Packages partial
03-Thu-2014 12:33 am - Modified .htaccess, New route Photo for ?view=Photo
03-Thu-2014 12:33 am - Modified .htaccess, New route Home for ?view=Home
03-Thu-2014 12:33 am - Created .htaccess
03-Thu-2014 12:33 am - Removed .htaccess
03-Thu-2014 12:33 am - Running PayMyPhoneBill app from App.xml
03-Thu-2014 12:30 am - Running PayMyPhoneBill app from App.json
03-Thu-2014 12:30 am - Running PayMyPhoneBill app from App.json
03-Thu-2014 12:30 am - Running PayMyPhoneBill app from App.json
03-Thu-2014 12:30 am - Running PayMyPhoneBill app from App.json
03-Thu-2014 12:29 am - Running PayMyPhoneBill app from App.json
03-Thu-2014 12:28 am - Running PayMyPhoneBill app from App.json
03-Thu-2014 12:28 am - Running PayMyPhoneBill app from App.json
03-Thu-2014 12:28 am - Running PayMyPhoneBill app from App.json
03-Thu-2014 12:28 am - Running PayMyPhoneBill app from App.json
03-Thu-2014 12:27 am - Running PayMyPhoneBill app from App.json
03-Thu-2014 12:27 am - Running PayMyPhoneBill app from App.json
03-Thu-2014 12:26 am - Running PayMyPhoneBill app from App.json
03-Thu-2014 12:18 am - Running  app from App.xml
03-Thu-2014 12:18 am - Running  app from App.xml
03-Thu-2014 12:17 am - Running  app from App.xml
03-Thu-2014 12:17 am - Running  app from App.xml
03-Thu-2014 12:17 am - Running  app from App.xml
03-Thu-2014 12:17 am - Running  app from App.xml
03-Thu-2014 12:17 am - Running  app from App.xml
03-Thu-2014 12:17 am - Modified packages partial
03-Thu-2014 12:17 am - Modified packages partial
03-Thu-2014 12:17 am - Modified packages partial
03-Thu-2014 12:17 am - Modified packages partial
03-Thu-2014 12:17 am - Created new Packages partial
03-Thu-2014 12:17 am - Removed Packages partial
03-Thu-2014 12:17 am - Modified .htaccess, New route Photo for ?view=Photo
03-Thu-2014 12:17 am - Modified .htaccess, New route Home for ?view=Home
03-Thu-2014 12:17 am - Created .htaccess
03-Thu-2014 12:17 am - Removed .htaccess
03-Thu-2014 12:17 am - Running PayMyPhoneBill app from App.xml
03-Thu-2014 12:17 am - Modified packages partial
03-Thu-2014 12:17 am - Modified packages partial
03-Thu-2014 12:17 am - Modified packages partial
03-Thu-2014 12:17 am - Modified packages partial
03-Thu-2014 12:17 am - Created new Packages partial
03-Thu-2014 12:17 am - Removed Packages partial
03-Thu-2014 12:17 am - Modified .htaccess, New route Photo for ?view=Photo
03-Thu-2014 12:17 am - Modified .htaccess, New route Home for ?view=Home
03-Thu-2014 12:17 am - Created .htaccess
03-Thu-2014 12:17 am - Removed .htaccess
03-Thu-2014 12:17 am - Running PayMyPhoneBill app from App.xml
03-Thu-2014 12:16 am - Modified packages partial
03-Thu-2014 12:16 am - Modified packages partial
03-Thu-2014 12:16 am - Modified packages partial
03-Thu-2014 12:16 am - Modified packages partial
03-Thu-2014 12:16 am - Created new Packages partial
03-Thu-2014 12:16 am - Removed Packages partial
03-Thu-2014 12:16 am - Modified .htaccess, New route Photo for ?view=Photo
03-Thu-2014 12:16 am - Modified .htaccess, New route Home for ?view=Home
03-Thu-2014 12:16 am - Created .htaccess
03-Thu-2014 12:16 am - Removed .htaccess
03-Thu-2014 12:16 am - Running PayMyPhoneBill app from App.xml
03-Thu-2014 12:16 am - Modified packages partial
03-Thu-2014 12:16 am - Modified packages partial
03-Thu-2014 12:16 am - Modified packages partial
03-Thu-2014 12:16 am - Modified packages partial
03-Thu-2014 12:16 am - Created new Packages partial
03-Thu-2014 12:16 am - Removed Packages partial
03-Thu-2014 12:16 am - Modified .htaccess, New route Photo for ?view=Photo
03-Thu-2014 12:16 am - Modified .htaccess, New route Home for ?view=Home
03-Thu-2014 12:16 am - Created .htaccess
03-Thu-2014 12:16 am - Removed .htaccess
03-Thu-2014 12:16 am - Running PayMyPhoneBill app from App.xml
03-Thu-2014 12:16 am - Modified packages partial
03-Thu-2014 12:16 am - Modified packages partial
03-Thu-2014 12:16 am - Modified packages partial
03-Thu-2014 12:16 am - Modified packages partial
03-Thu-2014 12:16 am - Created new Packages partial
03-Thu-2014 12:16 am - Removed Packages partial
03-Thu-2014 12:16 am - Modified .htaccess, New route Photo for ?view=Photo
03-Thu-2014 12:16 am - Modified .htaccess, New route Home for ?view=Home
03-Thu-2014 12:16 am - Created .htaccess
03-Thu-2014 12:16 am - Removed .htaccess
03-Thu-2014 12:16 am - Running PayMyPhoneBill app from App.xml
03-Thu-2014 12:16 am - Modified packages partial
03-Thu-2014 12:16 am - Modified packages partial
03-Thu-2014 12:16 am - Modified packages partial
03-Thu-2014 12:16 am - Modified packages partial
03-Thu-2014 12:16 am - Created new Packages partial
03-Thu-2014 12:16 am - Removed Packages partial
03-Thu-2014 12:16 am - Modified .htaccess, New route Photo for ?view=Photo
03-Thu-2014 12:16 am - Modified .htaccess, New route Home for ?view=Home
03-Thu-2014 12:16 am - Created .htaccess
03-Thu-2014 12:16 am - Removed .htaccess
03-Thu-2014 12:16 am - Running PayMyPhoneBill app from App.xml
03-Thu-2014 12:16 am - Modified packages partial
03-Thu-2014 12:16 am - Modified packages partial
03-Thu-2014 12:16 am - Modified packages partial
03-Thu-2014 12:16 am - Modified packages partial
03-Thu-2014 12:16 am - Created new Packages partial
03-Thu-2014 12:16 am - Removed Packages partial
03-Thu-2014 12:16 am - Modified .htaccess, New route Photo for ?view=Photo
03-Thu-2014 12:16 am - Modified .htaccess, New route Home for ?view=Home
03-Thu-2014 12:16 am - Created .htaccess
03-Thu-2014 12:16 am - Removed .htaccess
03-Thu-2014 12:16 am - Running PayMyPhoneBill app from App.xml
03-Thu-2014 12:16 am - Modified packages partial
03-Thu-2014 12:16 am - Modified packages partial
03-Thu-2014 12:16 am - Modified packages partial
03-Thu-2014 12:16 am - Modified packages partial
03-Thu-2014 12:16 am - Created new Packages partial
03-Thu-2014 12:16 am - Removed Packages partial
03-Thu-2014 12:16 am - Modified .htaccess, New route Photo for ?view=Photo
03-Thu-2014 12:16 am - Modified .htaccess, New route Home for ?view=Home
03-Thu-2014 12:16 am - Created .htaccess
03-Thu-2014 12:16 am - Removed .htaccess
03-Thu-2014 12:16 am - Running PayMyPhoneBill app from App.xml
03-Thu-2014 12:16 am - Modified packages partial
03-Thu-2014 12:16 am - Modified packages partial
03-Thu-2014 12:16 am - Modified packages partial
03-Thu-2014 12:16 am - Modified packages partial
03-Thu-2014 12:16 am - Created new Packages partial
03-Thu-2014 12:16 am - Removed Packages partial
03-Thu-2014 12:16 am - Modified .htaccess, New route Photo for ?view=Photo
03-Thu-2014 12:16 am - Modified .htaccess, New route Home for ?view=Home
03-Thu-2014 12:16 am - Created .htaccess
03-Thu-2014 12:16 am - Removed .htaccess
03-Thu-2014 12:16 am - Running PayMyPhoneBill app from App.xml
03-Thu-2014 12:15 am - Modified packages partial
03-Thu-2014 12:15 am - Modified packages partial
03-Thu-2014 12:15 am - Modified packages partial
03-Thu-2014 12:15 am - Modified packages partial
03-Thu-2014 12:15 am - Created new Packages partial
03-Thu-2014 12:15 am - Removed Packages partial
03-Thu-2014 12:15 am - Created new route Photo for ?view=Photo
03-Thu-2014 12:15 am - Created new route Home for ?view=Home
03-Thu-2014 12:15 am - Created .htaccess
03-Thu-2014 12:15 am - Removed .htaccess
03-Thu-2014 12:15 am - Running PayMyPhoneBill app from App.xml
03-Thu-2014 12:15 am - Modified packages partial
03-Thu-2014 12:15 am - Modified packages partial
03-Thu-2014 12:15 am - Modified packages partial
03-Thu-2014 12:15 am - Modified packages partial
03-Thu-2014 12:15 am - Created new Packages partial
03-Thu-2014 12:15 am - Removed Packages partial
03-Thu-2014 12:15 am - Created new route Photo for ?view=Photo
03-Thu-2014 12:15 am - Created new route Home for ?view=Home
03-Thu-2014 12:15 am - Created .htaccess
03-Thu-2014 12:15 am - Removed .htaccess
03-Thu-2014 12:15 am - Running PayMyPhoneBill app from App.xml
03-Thu-2014 12:13 am - Modified packages partial
03-Thu-2014 12:13 am - Modified packages partial
03-Thu-2014 12:13 am - Modified packages partial
03-Thu-2014 12:13 am - Modified packages partial
03-Thu-2014 12:13 am - Created new Packages partial
03-Thu-2014 12:13 am - Removed Packages partial
03-Thu-2014 12:13 am - Modified .htaccess
03-Thu-2014 12:13 am - Modified .htaccess
03-Thu-2014 12:13 am - Created .htaccess
03-Thu-2014 12:13 am - Removed .htaccess
03-Thu-2014 12:13 am - Running PayMyPhoneBill app from App.xml
03-Thu-2014 12:13 am - Modified packages partial
03-Thu-2014 12:13 am - Modified packages partial
03-Thu-2014 12:13 am - Modified packages partial
03-Thu-2014 12:13 am - Modified packages partial
03-Thu-2014 12:13 am - Created new Packages partial
03-Thu-2014 12:13 am - Removed Packages partial
03-Thu-2014 12:13 am - Modified .htaccess
03-Thu-2014 12:13 am - Modified .htaccess
03-Thu-2014 12:13 am - Created .htaccess
03-Thu-2014 12:13 am - Removed .htaccess
03-Thu-2014 12:13 am - Running PayMyPhoneBill app from App.xml
03-Thu-2014 12:13 am - Modified packages partial
03-Thu-2014 12:13 am - Modified packages partial
03-Thu-2014 12:13 am - Modified packages partial
03-Thu-2014 12:13 am - Modified packages partial
03-Thu-2014 12:13 am - Created new Packages partial
03-Thu-2014 12:13 am - Removed Packages partial
03-Thu-2014 12:13 am - Modified .htaccess
03-Thu-2014 12:13 am - Modified .htaccess
03-Thu-2014 12:13 am - Created .htaccess
03-Thu-2014 12:13 am - Removed .htaccess
03-Thu-2014 12:13 am - Running PayMyPhoneBill app from App.xml
03-Thu-2014 12:13 am - Modified packages partial
03-Thu-2014 12:13 am - Modified packages partial
03-Thu-2014 12:13 am - Modified packages partial
03-Thu-2014 12:13 am - Modified packages partial
03-Thu-2014 12:13 am - Created new Packages partial
03-Thu-2014 12:13 am - Removed Packages partial
03-Thu-2014 12:13 am - Modified .htaccess
03-Thu-2014 12:13 am - Modified .htaccess
03-Thu-2014 12:13 am - Created .htaccess
03-Thu-2014 12:13 am - Removed .htaccess
03-Thu-2014 12:13 am - Running PayMyPhoneBill app from App.xml
03-Thu-2014 12:13 am - Modified packages partial
03-Thu-2014 12:13 am - Modified packages partial
03-Thu-2014 12:13 am - Modified packages partial
03-Thu-2014 12:13 am - Modified packages partial
03-Thu-2014 12:13 am - Created new Packages partial
03-Thu-2014 12:13 am - Removed Packages partial
03-Thu-2014 12:13 am - Modified .htaccess
03-Thu-2014 12:13 am - Modified .htaccess
03-Thu-2014 12:13 am - Created .htaccess
03-Thu-2014 12:13 am - Removed .htaccess
03-Thu-2014 12:13 am - Running PayMyPhoneBill app from App.xml
03-Thu-2014 12:13 am - Modified packages partial
03-Thu-2014 12:13 am - Modified packages partial
03-Thu-2014 12:13 am - Modified packages partial
03-Thu-2014 12:13 am - Modified packages partial
03-Thu-2014 12:13 am - Created new Packages partial
03-Thu-2014 12:13 am - Removed Packages partial
03-Thu-2014 12:13 am - Modified .htaccess
03-Thu-2014 12:13 am - Modified .htaccess
03-Thu-2014 12:13 am - Created .htaccess
03-Thu-2014 12:13 am - Removed .htaccess
03-Thu-2014 12:13 am - Running PayMyPhoneBill app from App.xml
03-Thu-2014 12:13 am - Modified packages partial
03-Thu-2014 12:13 am - Modified packages partial
03-Thu-2014 12:13 am - Modified packages partial
03-Thu-2014 12:13 am - Modified packages partial
03-Thu-2014 12:13 am - Created new Packages partial
03-Thu-2014 12:13 am - Removed Packages partial
03-Thu-2014 12:13 am - Modified .htaccess
03-Thu-2014 12:13 am - Modified .htaccess
03-Thu-2014 12:13 am - Created .htaccess
03-Thu-2014 12:13 am - Removed .htaccess
03-Thu-2014 12:13 am - Running PayMyPhoneBill app from App.xml
03-Thu-2014 12:13 am - Modified packages partial
03-Thu-2014 12:13 am - Modified packages partial
03-Thu-2014 12:13 am - Modified packages partial
03-Thu-2014 12:13 am - Modified packages partial
03-Thu-2014 12:13 am - Created new Packages partial
03-Thu-2014 12:13 am - Removed Packages partial
03-Thu-2014 12:13 am - Modified .htaccess
03-Thu-2014 12:13 am - Modified .htaccess
03-Thu-2014 12:13 am - Created .htaccess
03-Thu-2014 12:13 am - Removed .htaccess
03-Thu-2014 12:13 am - Running PayMyPhoneBill app from App.xml
03-Thu-2014 12:12 am - Modified packages partial
03-Thu-2014 12:12 am - Modified packages partial
03-Thu-2014 12:12 am - Modified packages partial
03-Thu-2014 12:12 am - Modified packages partial
03-Thu-2014 12:12 am - Created new Packages partial
03-Thu-2014 12:12 am - Removed Packages partial
03-Thu-2014 12:12 am - Modified .htaccess
03-Thu-2014 12:12 am - Modified .htaccess
03-Thu-2014 12:12 am - Created .htaccess
03-Thu-2014 12:12 am - Removed .htaccess
03-Thu-2014 12:12 am - Running PayMyPhoneBill app from App.xml
03-Thu-2014 12:11 am - Modified packages partial
03-Thu-2014 12:11 am - Modified packages partial
03-Thu-2014 12:11 am - Modified packages partial
03-Thu-2014 12:11 am - Modified packages partial
03-Thu-2014 12:11 am - Created new Packages partial
03-Thu-2014 12:11 am - Removed Packages partial
03-Thu-2014 12:11 am - Modified .htaccess
03-Thu-2014 12:11 am - Modified .htaccess
03-Thu-2014 12:11 am - Created .htaccess
03-Thu-2014 12:11 am - Removed .htaccess
03-Thu-2014 12:11 am - Running PayMyPhoneBill app from App.xml
03-Thu-2014 12:11 am - Running PayMyPhoneBill app from App.xml
03-Thu-2014 12:11 am - Running PayMyPhoneBill app from App.xml
03-Thu-2014 12:10 am - Modified packages partial
03-Thu-2014 12:10 am - Modified packages partial
03-Thu-2014 12:10 am - Modified packages partial
03-Thu-2014 12:10 am - Modified packages partial
03-Thu-2014 12:10 am - Created new Packages partial
03-Thu-2014 12:10 am - Removed Packages partial
03-Thu-2014 12:10 am - Modified .htaccess
03-Thu-2014 12:10 am - Modified .htaccess
03-Thu-2014 12:10 am - Created .htaccess
03-Thu-2014 12:10 am - Removed .htaccess
03-Thu-2014 12:10 am - Running PayMyPhoneBill app from App.xml
03-Thu-2014 12:10 am - Modified packages partial
03-Thu-2014 12:10 am - Modified packages partial
03-Thu-2014 12:10 am - Modified packages partial
03-Thu-2014 12:10 am - Modified packages partial
03-Thu-2014 12:10 am - Created new Packages partial
03-Thu-2014 12:10 am - Removed Packages partial
03-Thu-2014 12:10 am - Modified .htaccess
03-Thu-2014 12:10 am - Modified .htaccess
03-Thu-2014 12:10 am - Created .htaccess
03-Thu-2014 12:10 am - Removed .htaccess
03-Thu-2014 12:10 am - Running PayMyPhoneBill app from App.xml
03-Thu-2014 12:10 am - Modified packages partial
03-Thu-2014 12:10 am - Modified packages partial
03-Thu-2014 12:10 am - Modified packages partial
03-Thu-2014 12:10 am - Modified packages partial
03-Thu-2014 12:10 am - Created new Packages partial
03-Thu-2014 12:10 am - Removed Packages partial
03-Thu-2014 12:10 am - Modified .htaccess
03-Thu-2014 12:10 am - Modified .htaccess
03-Thu-2014 12:10 am - Created .htaccess
03-Thu-2014 12:10 am - Removed .htaccess
03-Thu-2014 12:10 am - Running PayMyPhoneBill app from App.xml
03-Thu-2014 12:09 am - Modified packages partial
03-Thu-2014 12:09 am - Modified packages partial
03-Thu-2014 12:09 am - Modified packages partial
03-Thu-2014 12:09 am - Modified packages partial
03-Thu-2014 12:09 am - Created new Packages partial
03-Thu-2014 12:09 am - Removed Packages partial
03-Thu-2014 12:09 am - Modified .htaccess
03-Thu-2014 12:09 am - Modified .htaccess
03-Thu-2014 12:09 am - Created .htaccess
03-Thu-2014 12:09 am - Removed .htaccess
03-Thu-2014 12:09 am - Running PayMyPhoneBill app from App.xml
03-Thu-2014 12:08 am - Modified packages partial
03-Thu-2014 12:08 am - Modified packages partial
03-Thu-2014 12:08 am - Modified packages partial
03-Thu-2014 12:08 am - Modified packages partial
03-Thu-2014 12:08 am - Created new Packages partial
03-Thu-2014 12:08 am - Removed Packages partial
03-Thu-2014 12:08 am - Modified .htaccess
03-Thu-2014 12:08 am - Modified .htaccess
03-Thu-2014 12:08 am - Created .htaccess
03-Thu-2014 12:08 am - Removed .htaccess
03-Thu-2014 12:08 am - Running PayMyPhoneBill app from App.xml
