03-Fri-2014 02:51 am - Templates are blocked during compiling mode
03-Fri-2014 02:51 am - Packager detected an unknown file format in your App file Packages titled= Bootstrap/css/bootstrap.css
03-Fri-2014 02:51 am - Templates are blocked during compiling mode
03-Fri-2014 02:51 am - Packager detected an unknown file format in your App file Packages titled= Bootstrap/css/bootstrap.css
03-Fri-2014 02:50 am - Templates are blocked during compiling mode
03-Fri-2014 02:50 am - Packager detected an unknown file format in your App file Packages titled= Bootstrap/css/bootstrap.css
03-Fri-2014 02:50 am - Templates are blocked during compiling mode
03-Fri-2014 02:50 am - Packager detected an unknown file format in your App file Packages titled= Bootstrap/css/bootstrap.css
03-Fri-2014 02:48 am - Templates are blocked during compiling mode
03-Fri-2014 02:48 am - Packager detected an unknown file format in your App file Packages titled= Bootstrap/css/bootstrap.css
03-Fri-2014 02:48 am - Templates are blocked during compiling mode
03-Fri-2014 02:48 am - Packager detected an unknown file format in your App file Packages titled= Bootstrap/css/bootstrap.css
03-Fri-2014 02:48 am - Templates are blocked during compiling mode
03-Fri-2014 02:48 am - Packager detected an unknown file format in your App file Packages titled= Bootstrap/css/bootstrap.css
03-Fri-2014 02:45 am - Templates are blocked during compiling mode
03-Fri-2014 02:45 am - Packager detected an unknown file format in your App file Packages titled= Bootstrap/css/bootstrap.css
03-Fri-2014 02:45 am - Templates are blocked during compiling mode
03-Fri-2014 02:45 am - Packager detected an unknown file format in your App file Packages titled= Bootstrap/css/bootstrap.css
03-Fri-2014 02:42 am - Templates are blocked during compiling mode
03-Fri-2014 02:42 am - Packager detected an unknown file format in your App file Packages titled= Bootstrap/css/bootstrap.css
03-Fri-2014 02:41 am - Templates are blocked during compiling mode
03-Fri-2014 02:41 am - Packager detected an unknown file format in your App file Packages titled= Bootstrap/css/bootstrap.css
03-Fri-2014 02:40 am - Templates are blocked during compiling mode
03-Fri-2014 02:40 am - Packager detected an unknown file format in your App file Packages titled= Bootstrap/css/bootstrap.css
03-Fri-2014 02:39 am - Templates are blocked during compiling mode
03-Fri-2014 02:39 am - Packager detected an unknown file format in your App file Packages titled= Bootstrap/css/bootstrap.css
03-Fri-2014 02:39 am - Templates are blocked during compiling mode
03-Fri-2014 02:39 am - Packager detected an unknown file format in your App file Packages titled= Bootstrap/css/bootstrap.css
03-Fri-2014 02:39 am - Templates are blocked during compiling mode
03-Fri-2014 02:39 am - Packager detected an unknown file format in your App file Packages titled= Bootstrap/css/bootstrap.css
03-Fri-2014 02:38 am - Templates are blocked during compiling mode
03-Fri-2014 02:38 am - Packager detected an unknown file format in your App file Packages titled= Bootstrap/css/bootstrap.css
03-Fri-2014 02:31 am - Templates are blocked during compiling mode
03-Fri-2014 02:31 am - Packager detected an unknown file format in your App file Packages titled= Bootstrap/css/bootstrap.css
03-Thu-2014 01:12 am - Templates are blocked during compiling mode
03-Thu-2014 01:12 am - Packager detected an unknown file format in your App file Packages titled= Bootstrap/css/bootstrap.css
03-Thu-2014 01:12 am - Core Router Error: Could not find an App.xml
03-Thu-2014 01:12 am - Templates are blocked during compiling mode
03-Thu-2014 01:12 am - Packager detected an unknown file format in your App file Packages titled= Bootstrap/css/bootstrap.css
03-Thu-2014 01:12 am - Core Router Error: Could not find an App.xml
03-Thu-2014 01:12 am - Templates are blocked during compiling mode
03-Thu-2014 01:12 am - Packager detected an unknown file format in your App file Packages titled= Bootstrap/css/bootstrap.css
03-Thu-2014 01:12 am - Core Router Error: Could not find an App.xml
03-Thu-2014 01:12 am - Templates are blocked during compiling mode
03-Thu-2014 01:12 am - Packager detected an unknown file format in your App file Packages titled= Bootstrap/css/bootstrap.css
03-Thu-2014 01:12 am - Core Router Error: Could not find an App.xml
03-Thu-2014 01:12 am - Templates are blocked during compiling mode
03-Thu-2014 01:12 am - Packager detected an unknown file format in your App file Packages titled= Bootstrap/css/bootstrap.css
03-Thu-2014 01:12 am - Core Router Error: Could not find an App.xml
03-Thu-2014 01:12 am - Templates are blocked during compiling mode
03-Thu-2014 01:12 am - Packager detected an unknown file format in your App file Packages titled= Bootstrap/css/bootstrap.css
03-Thu-2014 01:12 am - Core Router Error: Could not find an App.xml
03-Thu-2014 01:12 am - Templates are blocked during compiling mode
03-Thu-2014 01:12 am - Packager detected an unknown file format in your App file Packages titled= Bootstrap/css/bootstrap.css
03-Thu-2014 01:12 am - Core Router Error: Could not find an App.xml
03-Thu-2014 01:12 am - Templates are blocked during compiling mode
03-Thu-2014 01:12 am - Packager detected an unknown file format in your App file Packages titled= Bootstrap/css/bootstrap.css
03-Thu-2014 01:12 am - Core Router Error: Could not find an App.xml
03-Thu-2014 01:12 am - Templates are blocked during compiling mode
03-Thu-2014 01:12 am - Packager detected an unknown file format in your App file Packages titled= Bootstrap/css/bootstrap.css
03-Thu-2014 01:12 am - Core Router Error: Could not find an App.xml
03-Thu-2014 01:12 am - Templates are blocked during compiling mode
03-Thu-2014 01:12 am - Packager detected an unknown file format in your App file Packages titled= Bootstrap/css/bootstrap.css
03-Thu-2014 01:12 am - Core Router Error: Could not find an App.xml
03-Thu-2014 01:12 am - Templates are blocked during compiling mode
03-Thu-2014 01:12 am - Packager detected an unknown file format in your App file Packages titled= Bootstrap/css/bootstrap.css
03-Thu-2014 01:12 am - Core Router Error: Could not find an App.xml
03-Thu-2014 01:12 am - Templates are blocked during compiling mode
03-Thu-2014 01:12 am - Packager detected an unknown file format in your App file Packages titled= Bootstrap/css/bootstrap.css
03-Thu-2014 01:12 am - Core Router Error: Could not find an App.xml
03-Thu-2014 01:12 am - Templates are blocked during compiling mode
03-Thu-2014 01:12 am - Packager detected an unknown file format in your App file Packages titled= Bootstrap/css/bootstrap.css
03-Thu-2014 01:12 am - Core Router Error: Could not find an App.xml
03-Thu-2014 01:12 am - Templates are blocked during compiling mode
03-Thu-2014 01:12 am - Packager detected an unknown file format in your App file Packages titled= Bootstrap/css/bootstrap.css
03-Thu-2014 01:12 am - Core Router Error: Could not find an App.xml
03-Thu-2014 01:12 am - Templates are blocked during compiling mode
03-Thu-2014 01:12 am - Packager detected an unknown file format in your App file Packages titled= Bootstrap/css/bootstrap.css
03-Thu-2014 01:12 am - Core Router Error: Could not find an App.xml
03-Thu-2014 01:12 am - Templates are blocked during compiling mode
03-Thu-2014 01:12 am - Packager detected an unknown file format in your App file Packages titled= Bootstrap/css/bootstrap.css
03-Thu-2014 01:12 am - Core Router Error: Could not find an App.xml
03-Thu-2014 01:12 am - Templates are blocked during compiling mode
03-Thu-2014 01:12 am - Packager detected an unknown file format in your App file Packages titled= Bootstrap/css/bootstrap.css
03-Thu-2014 01:12 am - Core Router Error: Could not find an App.xml
03-Thu-2014 01:12 am - Templates are blocked during compiling mode
03-Thu-2014 01:12 am - Packager detected an unknown file format in your App file Packages titled= Bootstrap/css/bootstrap.css
03-Thu-2014 01:12 am - Core Router Error: Could not find an App.xml
03-Thu-2014 01:12 am - Templates are blocked during compiling mode
03-Thu-2014 01:12 am - Packager detected an unknown file format in your App file Packages titled= Bootstrap/css/bootstrap.css
03-Thu-2014 01:12 am - Core Router Error: Could not find an App.xml
03-Thu-2014 01:11 am - Templates are blocked during compiling mode
03-Thu-2014 01:11 am - Packager detected an unknown file format in your App file Packages titled= Bootstrap/css/bootstrap.css
03-Thu-2014 01:11 am - Core Router Error: Could not find an App.xml
03-Thu-2014 12:50 am - Please make sure you have an App file, either JSON or XML
03-Thu-2014 12:50 am - Please make sure you have an App file, either JSON or XML
03-Thu-2014 12:48 am - Please make sure you have an App file, either JSON or XML
03-Thu-2014 12:48 am - Please make sure you have an App file, either JSON or XML
03-Thu-2014 12:48 am - Please make sure you have an App file, either JSON or XML
03-Thu-2014 12:48 am - Please make sure you have an App file, either JSON or XML
03-Thu-2014 12:48 am - Please make sure you have an App file, either JSON or XML
03-Thu-2014 12:48 am - Please make sure you have an App file, either JSON or XML
03-Thu-2014 12:48 am - Please make sure you have an App file, either JSON or XML
03-Thu-2014 12:48 am - Please make sure you have an App file, either JSON or XML
03-Thu-2014 12:48 am - Please make sure you have an App file, either JSON or XML
03-Thu-2014 12:48 am - Please make sure you have an App file, either JSON or XML
03-Thu-2014 12:48 am - Please make sure you have an App file, either JSON or XML
03-Thu-2014 12:48 am - Please make sure you have an App file, either JSON or XML
03-Thu-2014 12:48 am - Please make sure you have an App file, either JSON or XML
03-Thu-2014 12:48 am - Please make sure you have an App file, either JSON or XML
03-Thu-2014 12:37 am - Please make sure you have an App file, either JSON or XML
03-Thu-2014 12:37 am - Please make sure you have an App file, either JSON or XML
03-Thu-2014 12:34 am - Templates are blocked during compiling mode
03-Thu-2014 12:34 am - Packager detected an unknown file format in your App file Packages titled= Bootstrap/css/bootstrap.css
03-Thu-2014 12:34 am - Templates are blocked during compiling mode
03-Thu-2014 12:34 am - Packager detected an unknown file format in your App file Packages titled= Bootstrap/css/bootstrap.css
03-Thu-2014 12:33 am - Templates are blocked during compiling mode
03-Thu-2014 12:33 am - Packager detected an unknown file format in your App file Packages titled= Bootstrap/css/bootstrap.css
03-Thu-2014 12:33 am - Please make sure you have an App file, either JSON or XML
03-Thu-2014 12:32 am - Please make sure you have an App file, either JSON or XML
03-Thu-2014 12:32 am - Please make sure you have an App file, either JSON or XML
03-Thu-2014 12:32 am - Please make sure you have an App file, either JSON or XML
03-Thu-2014 12:32 am - Please make sure you have an App file, either JSON or XML
03-Thu-2014 12:30 am - Please make sure you have an App file, either JSON or XML
03-Thu-2014 12:30 am - Please make sure you have an App file, either JSON or XML
03-Thu-2014 12:29 am - Please make sure you have an App file, either JSON or XML
03-Thu-2014 12:17 am - Templates are blocked during compiling mode
03-Thu-2014 12:17 am - Packager detected an unknown file format in your App file Packages titled= Bootstrap/css/bootstrap.css
03-Thu-2014 12:17 am - Templates are blocked during compiling mode
03-Thu-2014 12:17 am - Packager detected an unknown file format in your App file Packages titled= Bootstrap/css/bootstrap.css
03-Thu-2014 12:16 am - Templates are blocked during compiling mode
03-Thu-2014 12:16 am - Packager detected an unknown file format in your App file Packages titled= Bootstrap/css/bootstrap.css
03-Thu-2014 12:16 am - Templates are blocked during compiling mode
03-Thu-2014 12:16 am - Packager detected an unknown file format in your App file Packages titled= Bootstrap/css/bootstrap.css
03-Thu-2014 12:16 am - Templates are blocked during compiling mode
03-Thu-2014 12:16 am - Packager detected an unknown file format in your App file Packages titled= Bootstrap/css/bootstrap.css
03-Thu-2014 12:16 am - Templates are blocked during compiling mode
03-Thu-2014 12:16 am - Packager detected an unknown file format in your App file Packages titled= Bootstrap/css/bootstrap.css
03-Thu-2014 12:16 am - Templates are blocked during compiling mode
03-Thu-2014 12:16 am - Packager detected an unknown file format in your App file Packages titled= Bootstrap/css/bootstrap.css
03-Thu-2014 12:16 am - Templates are blocked during compiling mode
03-Thu-2014 12:16 am - Packager detected an unknown file format in your App file Packages titled= Bootstrap/css/bootstrap.css
03-Thu-2014 12:16 am - Templates are blocked during compiling mode
03-Thu-2014 12:16 am - Packager detected an unknown file format in your App file Packages titled= Bootstrap/css/bootstrap.css
03-Thu-2014 12:15 am - Templates are blocked during compiling mode
03-Thu-2014 12:15 am - Packager detected an unknown file format in your App file Packages titled= Bootstrap/css/bootstrap.css
03-Thu-2014 12:15 am - Templates are blocked during compiling mode
03-Thu-2014 12:15 am - Packager detected an unknown file format in your App file Packages titled= Bootstrap/css/bootstrap.css
03-Thu-2014 12:13 am - Templates are blocked during compiling mode
03-Thu-2014 12:13 am - Packager detected an unknown file format in your App file Packages titled= Bootstrap/css/bootstrap.css
03-Thu-2014 12:13 am - Templates are blocked during compiling mode
03-Thu-2014 12:13 am - Packager detected an unknown file format in your App file Packages titled= Bootstrap/css/bootstrap.css
03-Thu-2014 12:13 am - Templates are blocked during compiling mode
03-Thu-2014 12:13 am - Packager detected an unknown file format in your App file Packages titled= Bootstrap/css/bootstrap.css
03-Thu-2014 12:13 am - Templates are blocked during compiling mode
03-Thu-2014 12:13 am - Packager detected an unknown file format in your App file Packages titled= Bootstrap/css/bootstrap.css
03-Thu-2014 12:13 am - Templates are blocked during compiling mode
03-Thu-2014 12:13 am - Packager detected an unknown file format in your App file Packages titled= Bootstrap/css/bootstrap.css
03-Thu-2014 12:13 am - Templates are blocked during compiling mode
03-Thu-2014 12:13 am - Packager detected an unknown file format in your App file Packages titled= Bootstrap/css/bootstrap.css
03-Thu-2014 12:13 am - Templates are blocked during compiling mode
03-Thu-2014 12:13 am - Packager detected an unknown file format in your App file Packages titled= Bootstrap/css/bootstrap.css
03-Thu-2014 12:13 am - Templates are blocked during compiling mode
03-Thu-2014 12:13 am - Packager detected an unknown file format in your App file Packages titled= Bootstrap/css/bootstrap.css
03-Thu-2014 12:12 am - Templates are blocked during compiling mode
03-Thu-2014 12:12 am - Packager detected an unknown file format in your App file Packages titled= Bootstrap/css/bootstrap.css
03-Thu-2014 12:11 am - Templates are blocked during compiling mode
03-Thu-2014 12:11 am - Packager detected an unknown file format in your App file Packages titled= Bootstrap/css/bootstrap.css
03-Thu-2014 12:10 am - Templates are blocked during testing mode
03-Thu-2014 12:10 am - Packager detected an unknown file format in your App file Packages titled= Bootstrap/css/bootstrap.css
03-Thu-2014 12:10 am - Templates are blocked during testing mode
03-Thu-2014 12:10 am - Packager detected an unknown file format in your App file Packages titled= Bootstrap/css/bootstrap.css
03-Thu-2014 12:10 am - Templates are blocked during testing mode
03-Thu-2014 12:10 am - Packager detected an unknown file format in your App file Packages titled= Bootstrap/css/bootstrap.css
03-Thu-2014 12:09 am - Templates are blocked during testing mode
03-Thu-2014 12:09 am - Packager detected an unknown file format in your App file Packages titled= Bootstrap/css/bootstrap.css
03-Thu-2014 12:08 am - Templates are blocked during testing mode
03-Thu-2014 12:08 am - Packager detected an unknown file format in your App file Packages titled= Bootstrap/css/bootstrap.css
03-Thu-2014 12:06 am - Templates are blocked during testing mode
03-Thu-2014 12:06 am - Packager detected an unknown file format in your App file Packages titled= Bootstrap/css/bootstrap.css
03-Thu-2014 12:06 am - Templates are blocked during testing mode
03-Thu-2014 12:06 am - Packager detected an unknown file format in your App file Packages titled= Bootstrap/css/bootstrap.css
03-Thu-2014 12:06 am - Templates are blocked during testing mode
03-Thu-2014 12:06 am - Packager detected an unknown file format in your App file Packages titled= Bootstrap/css/bootstrap.css
03-Thu-2014 12:06 am - Templates are blocked during testing mode
03-Thu-2014 12:06 am - Packager detected an unknown file format in your App file Packages titled= Bootstrap/css/bootstrap.css
03-Thu-2014 12:04 am - Templates are blocked during testing mode
03-Thu-2014 12:04 am - Packager detected an unknown file format in your App file Packages titled= Bootstrap/css/bootstrap.css
03-Thu-2014 12:04 am - Templates are blocked during testing mode
03-Thu-2014 12:04 am - Packager detected an unknown file format in your App file Packages titled= Bootstrap/css/bootstrap.css
03-Thu-2014 12:03 am - Packager detected an unknown file format in your App file Packages titled= Bootstrap/css/bootstrap.css
03-Thu-2014 12:03 am - Packager detected an unknown file format in your App file Packages titled= Bootstrap/css/bootstrap.css
03-Thu-2014 12:03 am - Packager detected an unknown file format in your App file Packages titled= Bootstrap/css/bootstrap.css
03-Thu-2014 12:03 am - Packager detected an unknown file format in your App file Packages titled= Bootstrap/css/bootstrap.css
03-Thu-2014 12:03 am - Packager detected an unknown file format in your App file Packages titled= Bootstrap/css/bootstrap.css
03-Thu-2014 12:03 am - Packager detected an unknown file format in your App file Packages titled= Bootstrap/css/bootstrap.css
03-Thu-2014 12:02 am - Packager detected an unknown file format in your App file Packages titled= Bootstrap/css/bootstrap.css
03-Thu-2014 12:02 am - Packager detected an unknown file format in your App file Packages titled= Bootstrap/css/bootstrap.css
03-Thu-2014 12:02 am - Packager detected an unknown file format in your App file Packages titled= Bootstrap/css/bootstrap.css
03-Thu-2014 12:02 am - Packager detected an unknown file format in your App file Packages titled= Bootstrap/css/bootstrap.css
03-Wed-2014 11:57 pm - Templates are blocked during testing mode
03-Wed-2014 11:57 pm - Packager detected an unknown file format in your App file Packages titled= Bootstrap/css/bootstrap.css
03-Wed-2014 11:57 pm - Templates are blocked during testing mode
03-Wed-2014 11:57 pm - Packager detected an unknown file format in your App file Packages titled= Bootstrap/css/bootstrap.css
03-Wed-2014 11:57 pm - Templates are blocked during testing mode
03-Wed-2014 11:57 pm - Packager detected an unknown file format in your App file Packages titled= Bootstrap/css/bootstrap.css
03-Wed-2014 11:57 pm - Templates are blocked during testing mode
03-Wed-2014 11:57 pm - Packager detected an unknown file format in your App file Packages titled= Bootstrap/css/bootstrap.css
03-Wed-2014 11:55 pm - Templates are blocked during testing mode
03-Wed-2014 11:55 pm - Packager detected an unknown file format in your App file Packages titled= Bootstrap/css/bootstrap.css
03-Wed-2014 11:54 pm - Templates are blocked during testing mode
03-Wed-2014 11:54 pm - Packager detected an unknown file format in your App file Packages titled= Bootstrap/css/bootstrap.css
03-Wed-2014 11:54 pm - Templates are blocked during testing mode
03-Wed-2014 11:54 pm - Packager detected an unknown file format in your App file Packages titled= Bootstrap/css/bootstrap.css
